<?xml version="1.0" encoding="UTF-8"?>
<!-- Generated by org.testng.reporters.JUnitReportReporter -->
<testsuite hostname="LAPTOP-74J5SUB0" failures="0" tests="1" name="Trial.MyTest" time="18.203" errors="0" timestamp="10 Sep 2018 12:33:55 GMT" skipped="0">
  <testcase classname="Trial.MyTest" name="myTest" time="18.203"/>
</testsuite> <!-- Trial.MyTest -->
