<?xml version="1.0" encoding="UTF-8"?>
<!-- Generated by org.testng.reporters.JUnitReportReporter -->
<testsuite hostname="LAPTOP-74J5SUB0" failures="0" tests="1" name="Trial.TestNgTrial" time="47.995" errors="0" timestamp="18 Sep 2018 10:34:53 GMT" skipped="0">
  <testcase classname="Trial.TestNgTrial" name="myTest" time="47.995"/>
</testsuite> <!-- Trial.TestNgTrial -->
